<?xml version="1.0" encoding="UTF-8"?>
<!-- Generated by org.testng.reporters.JUnitReportReporter -->
<testsuite skipped="0" hostname="saireddy" name="addPeople.addReciptionist" tests="1" failures="0" timestamp="20 Aug 2020 15:21:40 GMT" time="50.381" errors="0">
  <testcase name="test" time="50.381" classname="addPeople.addReciptionist"/>
</testsuite> <!-- addPeople.addReciptionist -->
