<?xml version="1.0" encoding="UTF-8"?>
<!-- Generated by org.testng.reporters.JUnitReportReporter -->
<testsuite skipped="0" hostname="saireddy" name="test_selenium.test2.App" tests="1" failures="0" timestamp="20 Aug 2020 15:21:40 GMT" time="28.234" errors="0">
  <testcase name="test" time="28.234" classname="test_selenium.test2.App"/>
</testsuite> <!-- test_selenium.test2.App -->
