<?xml version="1.0" encoding="UTF-8"?>
<!-- Generated by org.testng.reporters.JUnitReportReporter -->
<testsuite skipped="0" hostname="saireddy" name="addEquipment.addEquipment" tests="1" failures="0" timestamp="20 Aug 2020 15:21:40 GMT" time="52.048" errors="0">
  <testcase name="f" time="52.048" classname="addEquipment.addEquipment"/>
</testsuite> <!-- addEquipment.addEquipment -->
